# JRE version: Java(TM) SE Runtime Environment (8.0_333-b02) (build 1.8.0_333-b02)
# Java VM: Java HotSpot(TM) 64-Bit Server VM (25.333-b02 mixed mode windows-amd64 compressed oops)
Heap:
 PSYoungGen      total 48640K, used 18121K [0x00000000d5f80000, 0x00000000d9e00000, 0x0000000100000000)
  eden space 46592K, 38% used [0x00000000d5f80000,0x00000000d7132470,0x00000000d8d00000)
  from space 2048K, 0% used [0x00000000d8d00000,0x00000000d8d00000,0x00000000d8f00000)
  to   space 2048K, 0% used [0x00000000d9c00000,0x00000000d9c00000,0x00000000d9e00000)
 ParOldGen       total 193536K, used 103385K [0x0000000081e00000, 0x000000008db00000, 0x00000000d5f80000)
  object space 193536K, 53% used [0x0000000081e00000,0x00000000882f6660,0x000000008db00000)
 Metaspace       used 8929K, capacity 9168K, committed 9344K, reserved 1056768K
  class space    used 1064K, capacity 1131K, committed 1152K, reserved 1048576K
GC Heap History (10 events):
Event: 2.592 GC heap before
{Heap before GC invocations=9 (full 2):
 PSYoungGen      total 41984K, used 1475K [0x00000000d5f80000, 0x00000000da200000, 0x0000000100000000)
  eden space 36864K, 4% used [0x00000000d5f80000,0x00000000d60f0cb0,0x00000000d8380000)
  from space 5120K, 0% used [0x00000000d8500000,0x00000000d8500000,0x00000000d8a00000)
  to   space 1536K, 0% used [0x00000000d8380000,0x00000000d8380000,0x00000000d8500000)
 ParOldGen       total 175616K, used 103368K [0x0000000081e00000, 0x000000008c980000, 0x00000000d5f80000)
  object space 175616K, 58% used [0x0000000081e00000,0x00000000882f23f0,0x000000008c980000)
 Metaspace       used 7330K, capacity 7446K, committed 7680K, reserved 1056768K
  class space    used 853K, capacity 901K, committed 1024K, reserved 1048576K
Event: 2.593 GC heap after
Heap after GC invocations=9 (full 2):
 PSYoungGen      total 38400K, used 192K [0x00000000d5f80000, 0x00000000d9100000, 0x0000000100000000)
  eden space 36864K, 0% used [0x00000000d5f80000,0x00000000d5f80000,0x00000000d8380000)
  from space 1536K, 12% used [0x00000000d8380000,0x00000000d83b0000,0x00000000d8500000)
  to   space 2048K, 0% used [0x00000000d8f00000,0x00000000d8f00000,0x00000000d9100000)
 ParOldGen       total 175616K, used 103368K [0x0000000081e00000, 0x000000008c980000, 0x00000000d5f80000)
  object space 175616K, 58% used [0x0000000081e00000,0x00000000882f23f0,0x000000008c980000)
 Metaspace       used 7330K, capacity 7446K, committed 7680K, reserved 1056768K
  class space    used 853K, capacity 901K, committed 1024K, reserved 1048576K
}
Event: 2.594 GC heap before
{Heap before GC invocations=10 (full 2):
 PSYoungGen      total 38400K, used 192K [0x00000000d5f80000, 0x00000000d9100000, 0x0000000100000000)
  eden space 36864K, 0% used [0x00000000d5f80000,0x00000000d5f80000,0x00000000d8380000)
  from space 1536K, 12% used [0x00000000d8380000,0x00000000d83b0000,0x00000000d8500000)
  to   space 2048K, 0% used [0x00000000d8f00000,0x00000000d8f00000,0x00000000d9100000)
 ParOldGen       total 175616K, used 103368K [0x0000000081e00000, 0x000000008c980000, 0x00000000d5f80000)
  object space 175616K, 58% used [0x0000000081e00000,0x00000000882f23f0,0x000000008c980000)
 Metaspace       used 7330K, capacity 7446K, committed 7680K, reserved 1056768K
  class space    used 853K, capacity 901K, committed 1024K, reserved 1048576K
Event: 2.595 GC heap after
Heap after GC invocations=10 (full 2):
 PSYoungGen      total 48640K, used 160K [0x00000000d5f80000, 0x00000000d9700000, 0x0000000100000000)
  eden space 46592K, 0% used [0x00000000d5f80000,0x00000000d5f80000,0x00000000d8d00000)
  from space 2048K, 7% used [0x00000000d8f00000,0x00000000d8f28000,0x00000000d9100000)
  to   space 2048K, 0% used [0x00000000d8d00000,0x00000000d8d00000,0x00000000d8f00000)
 ParOldGen       total 175616K, used 103368K [0x0000000081e00000, 0x000000008c980000, 0x00000000d5f80000)
  object space 175616K, 58% used [0x0000000081e00000,0x00000000882f23f0,0x000000008c980000)
 Metaspace       used 7330K, capacity 7446K, committed 7680K, reserved 1056768K
  class space    used 853K, capacity 901K, committed 1024K, reserved 1048576K
}
Event: 2.595 GC heap before
{Heap before GC invocations=11 (full 3):
 PSYoungGen      total 48640K, used 160K [0x00000000d5f80000, 0x00000000d9700000, 0x0000000100000000)
  eden space 46592K, 0% used [0x00000000d5f80000,0x00000000d5f80000,0x00000000d8d00000)
  from space 2048K, 7% used [0x00000000d8f00000,0x00000000d8f28000,0x00000000d9100000)
  to   space 2048K, 0% used [0x00000000d8d00000,0x00000000d8d00000,0x00000000d8f00000)
 ParOldGen       total 175616K, used 103368K [0x0000000081e00000, 0x000000008c980000, 0x00000000d5f80000)
  object space 175616K, 58% used [0x0000000081e00000,0x00000000882f23f0,0x000000008c980000)
 Metaspace       used 7330K, capacity 7446K, committed 7680K, reserved 1056768K
  class space    used 853K, capacity 901K, committed 1024K, reserved 1048576K
Event: 2.611 GC heap after
Heap after GC invocations=11 (full 3):
 PSYoungGen      total 48640K, used 0K [0x00000000d5f80000, 0x00000000d9700000, 0x0000000100000000)
  eden space 46592K, 0% used [0x00000000d5f80000,0x00000000d5f80000,0x00000000d8d00000)
  from space 2048K, 0% used [0x00000000d8f00000,0x00000000d8f00000,0x00000000d9100000)
  to   space 2048K, 0% used [0x00000000d8d00000,0x00000000d8d00000,0x00000000d8f00000)
 ParOldGen       total 193536K, used 103385K [0x0000000081e00000, 0x000000008db00000, 0x00000000d5f80000)
  object space 193536K, 53% used [0x0000000081e00000,0x00000000882f6660,0x000000008db00000)
 Metaspace       used 7330K, capacity 7446K, committed 7680K, reserved 1056768K
  class space    used 853K, capacity 901K, committed 1024K, reserved 1048576K
}
Event: 2.611 GC heap before
{Heap before GC invocations=12 (full 3):
 PSYoungGen      total 48640K, used 0K [0x00000000d5f80000, 0x00000000d9700000, 0x0000000100000000)
  eden space 46592K, 0% used [0x00000000d5f80000,0x00000000d5f80000,0x00000000d8d00000)
  from space 2048K, 0% used [0x00000000d8f00000,0x00000000d8f00000,0x00000000d9100000)
  to   space 2048K, 0% used [0x00000000d8d00000,0x00000000d8d00000,0x00000000d8f00000)
 ParOldGen       total 193536K, used 103385K [0x0000000081e00000, 0x000000008db00000, 0x00000000d5f80000)
  object space 193536K, 53% used [0x0000000081e00000,0x00000000882f6660,0x000000008db00000)
 Metaspace       used 7330K, capacity 7446K, committed 7680K, reserved 1056768K
  class space    used 853K, capacity 901K, committed 1024K, reserved 1048576K
Event: 2.613 GC heap after
Heap after GC invocations=12 (full 3):
 PSYoungGen      total 48640K, used 0K [0x00000000d5f80000, 0x00000000d9e00000, 0x0000000100000000)
  eden space 46592K, 0% used [0x00000000d5f80000,0x00000000d5f80000,0x00000000d8d00000)
  from space 2048K, 0% used [0x00000000d8d00000,0x00000000d8d00000,0x00000000d8f00000)
  to   space 2048K, 0% used [0x00000000d9c00000,0x00000000d9c00000,0x00000000d9e00000)
 ParOldGen       total 193536K, used 103385K [0x0000000081e00000, 0x000000008db00000, 0x00000000d5f80000)
  object space 193536K, 53% used [0x0000000081e00000,0x00000000882f6660,0x000000008db00000)
 Metaspace       used 7330K, capacity 7446K, committed 7680K, reserved 1056768K
  class space    used 853K, capacity 901K, committed 1024K, reserved 1048576K
}
Event: 2.613 GC heap before
{Heap before GC invocations=13 (full 4):
 PSYoungGen      total 48640K, used 0K [0x00000000d5f80000, 0x00000000d9e00000, 0x0000000100000000)
  eden space 46592K, 0% used [0x00000000d5f80000,0x00000000d5f80000,0x00000000d8d00000)
  from space 2048K, 0% used [0x00000000d8d00000,0x00000000d8d00000,0x00000000d8f00000)
  to   space 2048K, 0% used [0x00000000d9c00000,0x00000000d9c00000,0x00000000d9e00000)
 ParOldGen       total 193536K, used 103385K [0x0000000081e00000, 0x000000008db00000, 0x00000000d5f80000)
  object space 193536K, 53% used [0x0000000081e00000,0x00000000882f6660,0x000000008db00000)
 Metaspace       used 7330K, capacity 7446K, committed 7680K, reserved 1056768K
  class space    used 853K, capacity 901K, committed 1024K, reserved 1048576K
Event: 2.622 GC heap after
Heap after GC invocations=13 (full 4):
 PSYoungGen      total 48640K, used 0K [0x00000000d5f80000, 0x00000000d9e00000, 0x0000000100000000)
  eden space 46592K, 0% used [0x00000000d5f80000,0x00000000d5f80000,0x00000000d8d00000)
  from space 2048K, 0% used [0x00000000d8d00000,0x00000000d8d00000,0x00000000d8f00000)
  to   space 2048K, 0% used [0x00000000d9c00000,0x00000000d9c00000,0x00000000d9e00000)
 ParOldGen       total 193536K, used 103385K [0x0000000081e00000, 0x000000008db00000, 0x00000000d5f80000)
  object space 193536K, 53% used [0x0000000081e00000,0x00000000882f6660,0x000000008db00000)
 Metaspace       used 7330K, capacity 7446K, committed 7680K, reserved 1056768K
  class space    used 853K, capacity 901K, committed 1024K, reserved 1048576K
}

